{
  "iteration": 1,
  "exit_code": 1,
  "test_command": "pytest -q",
  "test_output_tail": "F                                                                        [100%]\n=================================== FAILURES ===================================\n____________________________ test_calculate_credit _____________________________\n\n    def test_calculate_credit():\n        assert calculate_credit(1000, 0.05, 2) == 1102.5\n>       assert calculate_credit(2000, 0.03, 5) == 2318.55\nE       assert 2318.5481486000003 == 2318.55\nE        +  where 2318.5481486000003 = calculate_credit(2000, 0.03, 5)\n\ntests/test_credit_calculator.py:6: AssertionError\n=========================== short test summary info ============================\nFAILED tests/test_credit_calculator.py::test_calculate_credit - assert 2318.5481486000003 == 2318.55\n +  where 2318.5481486000003 = calculate_credit(2000, 0.03, 5)\n1 failed in 0.02s\n",
  "changed_files": [],
  "diff_patch_tail": "",
  "patch_notes": [
    "Se ha creado un módulo para la calculadora de créditos y se han añadido pruebas unitarias para validar su funcionalidad."
  ],
  "env_info": {
    "stack": "python-fastapi-postgres",
    "test_command": "pytest -q",
    "python_version": "Python 3.11.14\n",
    "pip_version": "pip 26.0.1 from /opt/hostedtoolcache/Python/3.11.14/x64/lib/python3.11/site-packages/pip (python 3.11)\n",
    "cwd": "/home/runner/work/development-orchestrator-agent/development-orchestrator-agent\n",
    "which_pytest": "/opt/hostedtoolcache/Python/3.11.14/x64/bin/pytest\n",
    "pytest_version": "pytest 9.0.2\n",
    "which_python": "/opt/hostedtoolcache/Python/3.11.14/x64/bin/python\n"
  }
}
