FF                                                                       [100%]
=================================== FAILURES ===================================
____________________________ test_calcular_credito _____________________________

    def test_calcular_credito():
>       assert abs(calcular_credito(1000, 5, 2) - 1102.5) < 0.01
                   ^^^^^^^^^^^^^^^^
E       NameError: name 'calcular_credito' is not defined

tests/test_calculator.py:2: NameError
________________________ test_calcular_credito_invalido ________________________

    def test_calcular_credito_invalido():
>       assert calcular_credito(1000, 5, 2) == "Error"
               ^^^^^^^^^^^^^^^^
E       NameError: name 'calcular_credito' is not defined

tests/test_calculator.py:5: NameError
=========================== short test summary info ============================
FAILED tests/test_calculator.py::test_calcular_credito - NameError: name 'calcular_credito' is not defined
FAILED tests/test_calculator.py::test_calcular_credito_invalido - NameError: name 'calcular_credito' is not defined
2 failed in 0.03s
