{
  "iteration": 2,
  "exit_code": 1,
  "test_command": "pytest -q",
  "test_output_tail": "F                                                                        [100%]\n=================================== FAILURES ===================================\n____________________________ test_calcular_credito _____________________________\n\n    def test_calcular_credito():\n        assert calcular_credito(1000, 0.05, 2) == 1102.5\n>       assert calcular_credito(2000, 0.03, 3) == 2185.09\nE       assert 2185.45 == 2185.09\nE        +  where 2185.45 = calcular_credito(2000, 0.03, 3)\n\ntests/test_calculadora_creditos.py:6: AssertionError\n=========================== short test summary info ============================\nFAILED tests/test_calculadora_creditos.py::test_calcular_credito - assert 2185.45 == 2185.09\n +  where 2185.45 = calcular_credito(2000, 0.03, 3)\n1 failed in 0.03s\n",
  "test_output_head": "F                                                                        [100%]\n=================================== FAILURES ===================================\n____________________________ test_calcular_credito _____________________________\n\n    def test_calcular_credito():\n        assert calcular_credito(1000, 0.05, 2) == 1102.5\n>       assert calcular_credito(2000, 0.03, 3) == 2185.09\nE       assert 2185.45 == 2185.09\nE        +  where 2185.45 = calcular_credito(2000, 0.03, 3)\n\ntests/test_calculadora_creditos.py:6: AssertionError\n=========================== short test summary info ============================\nFAILED tests/test_calculadora_creditos.py::test_calcular_credito - assert 2185.45 == 2185.09\n +  where 2185.45 = calcular_credito(2000, 0.03, 3)\n1 failed in 0.03s\n",
  "changed_files": [],
  "diff_patch_tail": "",
  "patch_notes": [
    "Se ha creado un módulo para calcular créditos y se han agregado pruebas unitarias para verificar su funcionamiento."
  ],
  "env_info": {
    "stack": "python-fastapi-postgres",
    "test_command": "pytest -q",
    "python_version": "Python 3.11.14\n",
    "pip_version": "pip 26.0.1 from /opt/hostedtoolcache/Python/3.11.14/x64/lib/python3.11/site-packages/pip (python 3.11)\n",
    "cwd": "/home/runner/work/development-orchestrator-agent/development-orchestrator-agent\n",
    "which_pytest": "/opt/hostedtoolcache/Python/3.11.14/x64/bin/pytest\n",
    "pytest_version": "pytest 9.0.2\n",
    "which_python": "/opt/hostedtoolcache/Python/3.11.14/x64/bin/python\n"
  },
  "failure_kind": "unknown",
  "hints": [],
  "fingerprint": "unknown|F                                                                        [100%]\n=================================== FAILURES ===================================\n____________________________ test_calcular_credito _____________________________\n\n    def test_calcular_credito():\n        assert calcular_credito(1000, 0.05, 2) == 1102.5\n>       assert calcular_credito(2000, 0.03, 3) == 2185.09\nE       assert 2185.45 == 2185.09\nE        +  where 2185.45 = calcular_credito(2000, 0.03, 3)\n\ntests/test_calculadora_creditos.py:6: AssertionError\n=========================== short test summary info ============================\nFAILED tests/test_calculadora_creditos.py::test_calcular_credito - assert 2185.45 == 2185.09\n +  where 2185.45 = calcular_credito(2000, 0.03, 3)\n1 failed in 0.03s"
}
